#! /usr/bin/vvp
:ivl_version "13.0 (stable)" "(v13_0-dirty)";
:ivl_delay_selection "TYPICAL";
:vpi_time_precision + 0;
:vpi_module "/usr/lib/ivl/system.vpi";
:vpi_module "/usr/lib/ivl/vhdl_sys.vpi";
:vpi_module "/usr/lib/ivl/vhdl_textio.vpi";
:vpi_module "/usr/lib/ivl/v2005_math.vpi";
:vpi_module "/usr/lib/ivl/va_math.vpi";
:vpi_module "/usr/lib/ivl/v2009.vpi";
S_0x560cffaa0510 .scope package, "$unit" "$unit" 2 1;
 .timescale 0 0;
enum0x560cffac5300 .enum4 (3)
   "IDLE" 3'b000,
   "L1" 3'b001,
   "L2" 3'b011,
   "L3" 3'b010,
   "R1" 3'b101,
   "R2" 3'b111,
   "R3" 3'b110,
   "LR3" 3'b100
 ;
S_0x560cffaa06a0 .scope module, "testbench_hw8" "testbench_hw8" 3 1;
 .timescale 0 0;
v0x560cffb11c00_0 .var "clk", 0 0;
v0x560cffb11cc0_0 .var "haz", 0 0;
v0x560cffb11d90_0 .net "l_lights", 2 0, v0x560cffb11610_0;  1 drivers
v0x560cffb11e90_0 .var "left", 0 0;
v0x560cffb11f60_0 .net "r_lights", 2 0, v0x560cffb11790_0;  1 drivers
v0x560cffb12050_0 .var "right", 0 0;
v0x560cffb12120_0 .var "rst_b", 0 0;
S_0x560cffaa0830 .scope module, "UUT" "tbird_fsm" 3 6, 4 12 0, S_0x560cffaa06a0;
 .timescale 0 0;
    .port_info 0 /INPUT 1 "clk";
    .port_info 1 /INPUT 1 "rst_b";
    .port_info 2 /INPUT 1 "left";
    .port_info 3 /INPUT 1 "right";
    .port_info 4 /INPUT 1 "haz";
    .port_info 5 /OUTPUT 3 "l_lights";
    .port_info 6 /OUTPUT 3 "r_lights";
v0x560cffae0f30_0 .net "clk", 0 0, v0x560cffb11c00_0;  1 drivers
v0x560cffb11550_0 .net "haz", 0 0, v0x560cffb11cc0_0;  1 drivers
v0x560cffb11610_0 .var "l_lights", 2 0;
v0x560cffb116d0_0 .net "left", 0 0, v0x560cffb11e90_0;  1 drivers
v0x560cffb11790_0 .var "r_lights", 2 0;
v0x560cffb118c0_0 .net "right", 0 0, v0x560cffb12050_0;  1 drivers
v0x560cffb11980_0 .net "rst_b", 0 0, v0x560cffb12120_0;  1 drivers
v0x560cffb11a40_0 .var "state", 2 0;
E_0x560cffae1cd0 .event anyedge, v0x560cffb11a40_0;
E_0x560cffae17d0/0 .event negedge, v0x560cffb11980_0;
E_0x560cffae17d0/1 .event posedge, v0x560cffae0f30_0;
E_0x560cffae17d0 .event/or E_0x560cffae17d0/0, E_0x560cffae17d0/1;
    .scope S_0x560cffaa0830;
T_0 ;
    %wait E_0x560cffae17d0;
    %load/vec4 v0x560cffb11980_0;
    %inv;
    %flag_set/vec4 8;
    %jmp/0xz  T_0.0, 8;
    %pushi/vec4 0, 0, 3;
    %assign/vec4 v0x560cffb11a40_0, 0;
    %jmp T_0.1;
T_0.0 ;
    %load/vec4 v0x560cffb11a40_0;
    %dup/vec4;
    %pushi/vec4 0, 0, 3;
    %cmp/u;
    %jmp/1 T_0.2, 6;
    %dup/vec4;
    %pushi/vec4 1, 0, 3;
    %cmp/u;
    %jmp/1 T_0.3, 6;
    %dup/vec4;
    %pushi/vec4 3, 0, 3;
    %cmp/u;
    %jmp/1 T_0.4, 6;
    %dup/vec4;
    %pushi/vec4 2, 0, 3;
    %cmp/u;
    %jmp/1 T_0.5, 6;
    %dup/vec4;
    %pushi/vec4 5, 0, 3;
    %cmp/u;
    %jmp/1 T_0.6, 6;
    %dup/vec4;
    %pushi/vec4 7, 0, 3;
    %cmp/u;
    %jmp/1 T_0.7, 6;
    %dup/vec4;
    %pushi/vec4 6, 0, 3;
    %cmp/u;
    %jmp/1 T_0.8, 6;
    %dup/vec4;
    %pushi/vec4 4, 0, 3;
    %cmp/u;
    %jmp/1 T_0.9, 6;
    %jmp T_0.10;
T_0.2 ;
    %load/vec4 v0x560cffb116d0_0;
    %load/vec4 v0x560cffb118c0_0;
    %and;
    %load/vec4 v0x560cffb11550_0;
    %or;
    %flag_set/vec4 8;
    %jmp/0xz  T_0.11, 8;
    %pushi/vec4 4, 0, 3;
    %assign/vec4 v0x560cffb11a40_0, 0;
    %jmp T_0.12;
T_0.11 ;
    %load/vec4 v0x560cffb116d0_0;
    %flag_set/vec4 8;
    %jmp/0xz  T_0.13, 8;
    %pushi/vec4 1, 0, 3;
    %assign/vec4 v0x560cffb11a40_0, 0;
    %jmp T_0.14;
T_0.13 ;
    %load/vec4 v0x560cffb118c0_0;
    %flag_set/vec4 8;
    %jmp/0xz  T_0.15, 8;
    %pushi/vec4 5, 0, 3;
    %assign/vec4 v0x560cffb11a40_0, 0;
    %jmp T_0.16;
T_0.15 ;
    %pushi/vec4 0, 0, 3;
    %assign/vec4 v0x560cffb11a40_0, 0;
T_0.16 ;
T_0.14 ;
T_0.12 ;
    %jmp T_0.10;
T_0.3 ;
    %load/vec4 v0x560cffb11550_0;
    %flag_set/vec4 8;
    %jmp/0 T_0.17, 8;
    %pushi/vec4 4, 0, 3;
    %jmp/1 T_0.18, 8;
T_0.17 ; End of true expr.
    %pushi/vec4 3, 0, 3;
    %jmp/0 T_0.18, 8;
 ; End of false expr.
    %blend;
T_0.18;
    %assign/vec4 v0x560cffb11a40_0, 0;
    %jmp T_0.10;
T_0.4 ;
    %load/vec4 v0x560cffb11550_0;
    %flag_set/vec4 8;
    %jmp/0 T_0.19, 8;
    %pushi/vec4 4, 0, 3;
    %jmp/1 T_0.20, 8;
T_0.19 ; End of true expr.
    %pushi/vec4 2, 0, 3;
    %jmp/0 T_0.20, 8;
 ; End of false expr.
    %blend;
T_0.20;
    %assign/vec4 v0x560cffb11a40_0, 0;
    %jmp T_0.10;
T_0.5 ;
    %pushi/vec4 0, 0, 3;
    %assign/vec4 v0x560cffb11a40_0, 0;
    %jmp T_0.10;
T_0.6 ;
    %load/vec4 v0x560cffb11550_0;
    %flag_set/vec4 8;
    %jmp/0 T_0.21, 8;
    %pushi/vec4 4, 0, 3;
    %jmp/1 T_0.22, 8;
T_0.21 ; End of true expr.
    %pushi/vec4 7, 0, 3;
    %jmp/0 T_0.22, 8;
 ; End of false expr.
    %blend;
T_0.22;
    %assign/vec4 v0x560cffb11a40_0, 0;
    %jmp T_0.10;
T_0.7 ;
    %load/vec4 v0x560cffb11550_0;
    %flag_set/vec4 8;
    %jmp/0 T_0.23, 8;
    %pushi/vec4 4, 0, 3;
    %jmp/1 T_0.24, 8;
T_0.23 ; End of true expr.
    %pushi/vec4 6, 0, 3;
    %jmp/0 T_0.24, 8;
 ; End of false expr.
    %blend;
T_0.24;
    %assign/vec4 v0x560cffb11a40_0, 0;
    %jmp T_0.10;
T_0.8 ;
    %pushi/vec4 0, 0, 3;
    %assign/vec4 v0x560cffb11a40_0, 0;
    %jmp T_0.10;
T_0.9 ;
    %pushi/vec4 0, 0, 3;
    %assign/vec4 v0x560cffb11a40_0, 0;
    %jmp T_0.10;
T_0.10 ;
    %pop/vec4 1;
T_0.1 ;
    %jmp T_0;
    .thread T_0;
    .scope S_0x560cffaa0830;
T_1 ;
Ewait_0 .event/or E_0x560cffae1cd0, E_0x0;
    %wait Ewait_0;
    %load/vec4 v0x560cffb11a40_0;
    %dup/vec4;
    %pushi/vec4 0, 0, 3;
    %cmp/u;
    %jmp/1 T_1.0, 6;
    %dup/vec4;
    %pushi/vec4 1, 0, 3;
    %cmp/u;
    %jmp/1 T_1.1, 6;
    %dup/vec4;
    %pushi/vec4 3, 0, 3;
    %cmp/u;
    %jmp/1 T_1.2, 6;
    %dup/vec4;
    %pushi/vec4 2, 0, 3;
    %cmp/u;
    %jmp/1 T_1.3, 6;
    %dup/vec4;
    %pushi/vec4 5, 0, 3;
    %cmp/u;
    %jmp/1 T_1.4, 6;
    %dup/vec4;
    %pushi/vec4 7, 0, 3;
    %cmp/u;
    %jmp/1 T_1.5, 6;
    %dup/vec4;
    %pushi/vec4 6, 0, 3;
    %cmp/u;
    %jmp/1 T_1.6, 6;
    %dup/vec4;
    %pushi/vec4 4, 0, 3;
    %cmp/u;
    %jmp/1 T_1.7, 6;
    %jmp T_1.8;
T_1.0 ;
    %pushi/vec4 0, 0, 3;
    %store/vec4 v0x560cffb11610_0, 0, 3;
    %pushi/vec4 0, 0, 3;
    %store/vec4 v0x560cffb11790_0, 0, 3;
    %jmp T_1.8;
T_1.1 ;
    %pushi/vec4 1, 0, 3;
    %store/vec4 v0x560cffb11610_0, 0, 3;
    %pushi/vec4 0, 0, 3;
    %store/vec4 v0x560cffb11790_0, 0, 3;
    %jmp T_1.8;
T_1.2 ;
    %pushi/vec4 3, 0, 3;
    %store/vec4 v0x560cffb11610_0, 0, 3;
    %pushi/vec4 0, 0, 3;
    %store/vec4 v0x560cffb11790_0, 0, 3;
    %jmp T_1.8;
T_1.3 ;
    %pushi/vec4 7, 0, 3;
    %store/vec4 v0x560cffb11610_0, 0, 3;
    %pushi/vec4 0, 0, 3;
    %store/vec4 v0x560cffb11790_0, 0, 3;
    %jmp T_1.8;
T_1.4 ;
    %pushi/vec4 0, 0, 3;
    %store/vec4 v0x560cffb11610_0, 0, 3;
    %pushi/vec4 1, 0, 3;
    %store/vec4 v0x560cffb11790_0, 0, 3;
    %jmp T_1.8;
T_1.5 ;
    %pushi/vec4 0, 0, 3;
    %store/vec4 v0x560cffb11610_0, 0, 3;
    %pushi/vec4 3, 0, 3;
    %store/vec4 v0x560cffb11790_0, 0, 3;
    %jmp T_1.8;
T_1.6 ;
    %pushi/vec4 0, 0, 3;
    %store/vec4 v0x560cffb11610_0, 0, 3;
    %pushi/vec4 7, 0, 3;
    %store/vec4 v0x560cffb11790_0, 0, 3;
    %jmp T_1.8;
T_1.7 ;
    %pushi/vec4 7, 0, 3;
    %store/vec4 v0x560cffb11610_0, 0, 3;
    %pushi/vec4 7, 0, 3;
    %store/vec4 v0x560cffb11790_0, 0, 3;
    %jmp T_1.8;
T_1.8 ;
    %pop/vec4 1;
    %jmp T_1;
    .thread T_1, $push;
    .scope S_0x560cffaa06a0;
T_2 ;
    %pushi/vec4 0, 0, 1;
    %store/vec4 v0x560cffb11c00_0, 0, 1;
    %pushi/vec4 1, 0, 1;
    %store/vec4 v0x560cffb12120_0, 0, 1;
    %pushi/vec4 0, 0, 1;
    %store/vec4 v0x560cffb11e90_0, 0, 1;
    %pushi/vec4 0, 0, 1;
    %store/vec4 v0x560cffb12050_0, 0, 1;
    %pushi/vec4 0, 0, 1;
    %store/vec4 v0x560cffb11cc0_0, 0, 1;
T_2.0 ;
    %delay 5, 0;
    %load/vec4 v0x560cffb11c00_0;
    %inv;
    %store/vec4 v0x560cffb11c00_0, 0, 1;
    %jmp T_2.0;
T_2.1 ;
    %end;
    .thread T_2;
    .scope S_0x560cffaa06a0;
T_3 ;
    %delay 10, 0;
    %pushi/vec4 0, 0, 1;
    %store/vec4 v0x560cffb12120_0, 0, 1;
    %delay 20, 0;
    %pushi/vec4 1, 0, 1;
    %store/vec4 v0x560cffb12120_0, 0, 1;
    %delay 20, 0;
    %pushi/vec4 1, 0, 1;
    %store/vec4 v0x560cffb12050_0, 0, 1;
    %delay 40, 0;
    %pushi/vec4 0, 0, 1;
    %store/vec4 v0x560cffb12050_0, 0, 1;
    %pushi/vec4 1, 0, 1;
    %store/vec4 v0x560cffb11e90_0, 0, 1;
    %delay 40, 0;
    %pushi/vec4 0, 0, 1;
    %store/vec4 v0x560cffb11e90_0, 0, 1;
    %pushi/vec4 1, 0, 1;
    %store/vec4 v0x560cffb12050_0, 0, 1;
    %delay 10, 0;
    %pushi/vec4 0, 0, 1;
    %store/vec4 v0x560cffb12050_0, 0, 1;
    %pushi/vec4 1, 0, 1;
    %store/vec4 v0x560cffb11cc0_0, 0, 1;
    %delay 10, 0;
    %pushi/vec4 0, 0, 1;
    %store/vec4 v0x560cffb11cc0_0, 0, 1;
    %delay 10, 0;
    %pushi/vec4 1, 0, 1;
    %store/vec4 v0x560cffb12050_0, 0, 1;
    %delay 20, 0;
    %pushi/vec4 0, 0, 1;
    %store/vec4 v0x560cffb12050_0, 0, 1;
    %pushi/vec4 1, 0, 1;
    %store/vec4 v0x560cffb11cc0_0, 0, 1;
    %delay 10, 0;
    %pushi/vec4 0, 0, 1;
    %store/vec4 v0x560cffb11cc0_0, 0, 1;
    %delay 10, 0;
    %pushi/vec4 1, 0, 1;
    %store/vec4 v0x560cffb11e90_0, 0, 1;
    %delay 10, 0;
    %pushi/vec4 0, 0, 1;
    %store/vec4 v0x560cffb11e90_0, 0, 1;
    %pushi/vec4 1, 0, 1;
    %store/vec4 v0x560cffb11cc0_0, 0, 1;
    %delay 10, 0;
    %pushi/vec4 0, 0, 1;
    %store/vec4 v0x560cffb11cc0_0, 0, 1;
    %delay 10, 0;
    %pushi/vec4 1, 0, 1;
    %store/vec4 v0x560cffb11e90_0, 0, 1;
    %delay 20, 0;
    %pushi/vec4 0, 0, 1;
    %store/vec4 v0x560cffb11e90_0, 0, 1;
    %pushi/vec4 1, 0, 1;
    %store/vec4 v0x560cffb11cc0_0, 0, 1;
    %delay 10, 0;
    %pushi/vec4 0, 0, 1;
    %store/vec4 v0x560cffb11cc0_0, 0, 1;
    %delay 10, 0;
    %vpi_call/w 3 66 "$finish" {0 0 0};
    %end;
    .thread T_3;
    .scope S_0x560cffaa06a0;
T_4 ;
    %vpi_call/w 3 70 "$dumpfile", "dump.vcd" {0 0 0};
    %vpi_call/w 3 71 "$dumpvars", 32'sb00000000000000000000000000000000, S_0x560cffaa06a0 {0 0 0};
    %vpi_call/w 3 73 "$display", "rst_b | Left | Right | Haz | L_Lights | R_Lights" {0 0 0};
    %vpi_call/w 3 74 "$monitor", "%1b     | %1b    | %1b     | %1b   |   %3b    |   %3b   ", v0x560cffb12120_0, v0x560cffb11e90_0, v0x560cffb12050_0, v0x560cffb11cc0_0, v0x560cffb11d90_0, v0x560cffb11f60_0 {0 0 0};
    %delay 280, 0;
    %end;
    .thread T_4;
# The file index is used to find the file name in the following table.
:file_names 5;
    "N/A";
    "<interactive>";
    "-";
    "testbench_hw8.sv";
    "tbird_fsm.sv";
