#! /usr/bin/vvp
:ivl_version "13.0 (stable)" "(v13_0-dirty)";
:ivl_delay_selection "TYPICAL";
:vpi_time_precision - 10;
:vpi_module "/usr/lib/ivl/system.vpi";
:vpi_module "/usr/lib/ivl/vhdl_sys.vpi";
:vpi_module "/usr/lib/ivl/vhdl_textio.vpi";
:vpi_module "/usr/lib/ivl/v2005_math.vpi";
:vpi_module "/usr/lib/ivl/va_math.vpi";
:vpi_module "/usr/lib/ivl/v2009.vpi";
S_0x565331668b40 .scope package, "$unit" "$unit" 2 1;
 .timescale 0 0;
S_0x565331668cd0 .scope module, "testbench_hw7" "testbench_hw7" 3 3;
 .timescale -9 -10;
v0x565331686f60_0 .var "clk", 0 0;
v0x565331687020_0 .var "en_b", 0 0;
v0x565331687130_0 .var "load4_b", 0 0;
v0x5653316871d0_0 .var "load5_b", 0 0;
v0x5653316872a0_0 .var "load_in4", 3 0;
v0x565331687390_0 .var "load_in5", 4 0;
v0x565331687460_0 .net "q4", 3 0, v0x565331685fa0_0;  1 drivers
v0x565331687530_0 .net "q5", 4 0, v0x565331686c30_0;  1 drivers
v0x565331687600_0 .net "rco4_b", 0 0, L_0x565331687b30;  1 drivers
v0x565331687760_0 .net "rco5_b", 0 0, L_0x565331687ef0;  1 drivers
v0x565331687830_0 .var "up", 0 0;
S_0x565331668e60 .scope module, "counter4" "up_down_counter" 3 20, 4 1 0, S_0x565331668cd0;
 .timescale -9 -10;
    .port_info 0 /INPUT 1 "clk";
    .port_info 1 /INPUT 1 "en_b";
    .port_info 2 /INPUT 1 "load_b";
    .port_info 3 /INPUT 1 "up";
    .port_info 4 /INPUT 4 "load_in";
    .port_info 5 /OUTPUT 4 "q";
    .port_info 6 /OUTPUT 1 "rco_b";
P_0x56533166a440 .param/l "N" 0 4 2, +C4<00000000000000000000000000000100>;
L_0x7f62bb046018 .functor BUFT 1, C4<1111>, C4<0>, C4<0>, C4<0>;
v0x565331652800_0 .net/2u *"_ivl_0", 3 0, L_0x7f62bb046018;  1 drivers
v0x5653316859f0_0 .net *"_ivl_2", 0 0, L_0x5653316878d0;  1 drivers
L_0x7f62bb046060 .functor BUFT 1, C4<0000>, C4<0>, C4<0>, C4<0>;
v0x565331685ab0_0 .net/2u *"_ivl_4", 3 0, L_0x7f62bb046060;  1 drivers
v0x565331685b70_0 .net *"_ivl_6", 0 0, L_0x565331687a40;  1 drivers
v0x565331685c30_0 .net "clk", 0 0, v0x565331686f60_0;  1 drivers
v0x565331685d40_0 .net "en_b", 0 0, v0x565331687020_0;  1 drivers
v0x565331685e00_0 .net "load_b", 0 0, v0x565331687130_0;  1 drivers
v0x565331685ec0_0 .net "load_in", 3 0, v0x5653316872a0_0;  1 drivers
v0x565331685fa0_0 .var "q", 3 0;
v0x565331686080_0 .net "rco_b", 0 0, L_0x565331687b30;  alias, 1 drivers
v0x565331686140_0 .net "up", 0 0, v0x565331687830_0;  1 drivers
E_0x5653316275c0 .event posedge, v0x565331685c30_0;
L_0x5653316878d0 .cmp/eq 4, v0x565331685fa0_0, L_0x7f62bb046018;
L_0x565331687a40 .cmp/eq 4, v0x565331685fa0_0, L_0x7f62bb046060;
L_0x565331687b30 .functor MUXZ 1, L_0x565331687a40, L_0x5653316878d0, v0x565331687830_0, C4<>;
S_0x5653316862e0 .scope module, "counter5" "up_down_counter" 3 32, 4 1 0, S_0x565331668cd0;
 .timescale -9 -10;
    .port_info 0 /INPUT 1 "clk";
    .port_info 1 /INPUT 1 "en_b";
    .port_info 2 /INPUT 1 "load_b";
    .port_info 3 /INPUT 1 "up";
    .port_info 4 /INPUT 5 "load_in";
    .port_info 5 /OUTPUT 5 "q";
    .port_info 6 /OUTPUT 1 "rco_b";
P_0x565331686490 .param/l "N" 0 4 2, +C4<00000000000000000000000000000101>;
L_0x7f62bb0460a8 .functor BUFT 1, C4<11111>, C4<0>, C4<0>, C4<0>;
v0x565331686620_0 .net/2u *"_ivl_0", 4 0, L_0x7f62bb0460a8;  1 drivers
v0x565331686700_0 .net *"_ivl_2", 0 0, L_0x565331687cc0;  1 drivers
L_0x7f62bb0460f0 .functor BUFT 1, C4<00000>, C4<0>, C4<0>, C4<0>;
v0x5653316867c0_0 .net/2u *"_ivl_4", 4 0, L_0x7f62bb0460f0;  1 drivers
v0x565331686880_0 .net *"_ivl_6", 0 0, L_0x565331687e00;  1 drivers
v0x565331686940_0 .net "clk", 0 0, v0x565331686f60_0;  alias, 1 drivers
v0x565331686a30_0 .net "en_b", 0 0, v0x565331687020_0;  alias, 1 drivers
v0x565331686ad0_0 .net "load_b", 0 0, v0x5653316871d0_0;  1 drivers
v0x565331686b70_0 .net "load_in", 4 0, v0x565331687390_0;  1 drivers
v0x565331686c30_0 .var "q", 4 0;
v0x565331686d10_0 .net "rco_b", 0 0, L_0x565331687ef0;  alias, 1 drivers
v0x565331686dd0_0 .net "up", 0 0, v0x565331687830_0;  alias, 1 drivers
L_0x565331687cc0 .cmp/eq 5, v0x565331686c30_0, L_0x7f62bb0460a8;
L_0x565331687e00 .cmp/eq 5, v0x565331686c30_0, L_0x7f62bb0460f0;
L_0x565331687ef0 .functor MUXZ 1, L_0x565331687e00, L_0x565331687cc0, v0x565331687830_0, C4<>;
    .scope S_0x565331668e60;
T_0 ;
    %wait E_0x5653316275c0;
    %load/vec4 v0x565331685d40_0;
    %inv;
    %flag_set/vec4 8;
    %jmp/0xz  T_0.0, 8;
    %load/vec4 v0x565331685e00_0;
    %flag_set/vec4 8;
    %jmp/0xz  T_0.2, 8;
    %load/vec4 v0x565331686140_0;
    %flag_set/vec4 8;
    %jmp/0 T_0.4, 8;
    %load/vec4 v0x565331685fa0_0;
    %dup/vec4;
    %addi 1, 0, 4;
    %store/vec4 v0x565331685fa0_0, 0, 4;
    %jmp/1 T_0.5, 8;
T_0.4 ; End of true expr.
    %load/vec4 v0x565331685fa0_0;
    %dup/vec4;
    %subi 1, 0, 4;
    %store/vec4 v0x565331685fa0_0, 0, 4;
    %jmp/0 T_0.5, 8;
 ; End of false expr.
    %blend;
T_0.5;
    %assign/vec4 v0x565331685fa0_0, 0;
    %jmp T_0.3;
T_0.2 ;
    %load/vec4 v0x565331685ec0_0;
    %assign/vec4 v0x565331685fa0_0, 0;
T_0.3 ;
T_0.0 ;
    %jmp T_0;
    .thread T_0;
    .scope S_0x5653316862e0;
T_1 ;
    %wait E_0x5653316275c0;
    %load/vec4 v0x565331686a30_0;
    %inv;
    %flag_set/vec4 8;
    %jmp/0xz  T_1.0, 8;
    %load/vec4 v0x565331686ad0_0;
    %flag_set/vec4 8;
    %jmp/0xz  T_1.2, 8;
    %load/vec4 v0x565331686dd0_0;
    %flag_set/vec4 8;
    %jmp/0 T_1.4, 8;
    %load/vec4 v0x565331686c30_0;
    %dup/vec4;
    %addi 1, 0, 5;
    %store/vec4 v0x565331686c30_0, 0, 5;
    %jmp/1 T_1.5, 8;
T_1.4 ; End of true expr.
    %load/vec4 v0x565331686c30_0;
    %dup/vec4;
    %subi 1, 0, 5;
    %store/vec4 v0x565331686c30_0, 0, 5;
    %jmp/0 T_1.5, 8;
 ; End of false expr.
    %blend;
T_1.5;
    %assign/vec4 v0x565331686c30_0, 0;
    %jmp T_1.3;
T_1.2 ;
    %load/vec4 v0x565331686b70_0;
    %assign/vec4 v0x565331686c30_0, 0;
T_1.3 ;
T_1.0 ;
    %jmp T_1;
    .thread T_1;
    .scope S_0x565331668cd0;
T_2 ;
    %pushi/vec4 0, 0, 1;
    %store/vec4 v0x565331686f60_0, 0, 1;
    %pushi/vec4 1, 0, 1;
    %store/vec4 v0x565331687020_0, 0, 1;
    %pushi/vec4 0, 0, 1;
    %store/vec4 v0x565331687130_0, 0, 1;
    %pushi/vec4 0, 0, 1;
    %store/vec4 v0x5653316871d0_0, 0, 1;
    %pushi/vec4 1, 0, 1;
    %store/vec4 v0x565331687830_0, 0, 1;
    %pushi/vec4 0, 0, 4;
    %store/vec4 v0x5653316872a0_0, 0, 4;
    %pushi/vec4 0, 0, 5;
    %store/vec4 v0x565331687390_0, 0, 5;
T_2.0 ;
    %delay 50, 0;
    %load/vec4 v0x565331686f60_0;
    %inv;
    %store/vec4 v0x565331686f60_0, 0, 1;
    %jmp T_2.0;
T_2.1 ;
    %end;
    .thread T_2;
    .scope S_0x565331668cd0;
T_3 ;
    %delay 100, 0;
    %pushi/vec4 0, 0, 1;
    %store/vec4 v0x565331687130_0, 0, 1;
    %pushi/vec4 0, 0, 1;
    %store/vec4 v0x5653316871d0_0, 0, 1;
    %delay 100, 0;
    %pushi/vec4 0, 0, 1;
    %store/vec4 v0x565331687020_0, 0, 1;
    %delay 100, 0;
    %pushi/vec4 1, 0, 1;
    %store/vec4 v0x565331687130_0, 0, 1;
    %pushi/vec4 1, 0, 1;
    %store/vec4 v0x5653316871d0_0, 0, 1;
    %delay 3200, 0;
    %pushi/vec4 1, 0, 1;
    %store/vec4 v0x565331687020_0, 0, 1;
    %pushi/vec4 0, 0, 1;
    %store/vec4 v0x565331687830_0, 0, 1;
    %pushi/vec4 0, 0, 1;
    %store/vec4 v0x565331687130_0, 0, 1;
    %pushi/vec4 0, 0, 1;
    %store/vec4 v0x5653316871d0_0, 0, 1;
    %pushi/vec4 15, 0, 4;
    %store/vec4 v0x5653316872a0_0, 0, 4;
    %pushi/vec4 31, 0, 5;
    %store/vec4 v0x565331687390_0, 0, 5;
    %delay 100, 0;
    %pushi/vec4 0, 0, 1;
    %store/vec4 v0x565331687020_0, 0, 1;
    %delay 100, 0;
    %pushi/vec4 1, 0, 1;
    %store/vec4 v0x565331687130_0, 0, 1;
    %pushi/vec4 1, 0, 1;
    %store/vec4 v0x5653316871d0_0, 0, 1;
    %pushi/vec4 1, 0, 1;
    %store/vec4 v0x565331687020_0, 0, 1;
    %delay 100, 0;
    %pushi/vec4 0, 0, 1;
    %store/vec4 v0x565331687020_0, 0, 1;
    %delay 3200, 0;
    %pushi/vec4 0, 0, 1;
    %store/vec4 v0x565331687130_0, 0, 1;
    %pushi/vec4 0, 0, 1;
    %store/vec4 v0x5653316871d0_0, 0, 1;
    %pushi/vec4 10, 0, 4;
    %store/vec4 v0x5653316872a0_0, 0, 4;
    %pushi/vec4 10, 0, 5;
    %store/vec4 v0x565331687390_0, 0, 5;
    %delay 100, 0;
    %pushi/vec4 1, 0, 1;
    %store/vec4 v0x565331687130_0, 0, 1;
    %pushi/vec4 1, 0, 1;
    %store/vec4 v0x5653316871d0_0, 0, 1;
    %delay 100, 0;
    %pushi/vec4 1, 0, 1;
    %store/vec4 v0x565331687830_0, 0, 1;
    %pushi/vec4 0, 0, 1;
    %store/vec4 v0x565331687130_0, 0, 1;
    %pushi/vec4 0, 0, 1;
    %store/vec4 v0x5653316871d0_0, 0, 1;
    %pushi/vec4 5, 0, 4;
    %store/vec4 v0x5653316872a0_0, 0, 4;
    %pushi/vec4 21, 0, 5;
    %store/vec4 v0x565331687390_0, 0, 5;
    %delay 100, 0;
    %pushi/vec4 1, 0, 1;
    %store/vec4 v0x565331687130_0, 0, 1;
    %pushi/vec4 1, 0, 1;
    %store/vec4 v0x5653316871d0_0, 0, 1;
    %delay 140, 0;
    %vpi_call/w 3 97 "$finish" {0 0 0};
    %end;
    .thread T_3;
    .scope S_0x565331668cd0;
T_4 ;
    %vpi_call/w 3 101 "$dumpfile", "dump.vcd" {0 0 0};
    %vpi_call/w 3 102 "$dumpvars", 32'sb00000000000000000000000000000000, S_0x565331668cd0 {0 0 0};
    %vpi_call/w 3 104 "$display", "CLOCK | Enable | Up |  Q4  | Load Bit: 4 | Load Input: 4 | RCO 4 |   Q5   | Load Bit: 5 | Load Input: 5 | RCO 5" {0 0 0};
    %vpi_call/w 3 106 "$monitor", " %1b    | %1b      | %1b  | %4b |    %4b     |     %4b      | %4b  | %5b  |    %5b    |     %5b     | %5b   ", v0x565331686f60_0, v0x565331687020_0, v0x565331687830_0, v0x565331687460_0, v0x565331687130_0, v0x5653316872a0_0, v0x565331687600_0, v0x565331687530_0, v0x5653316871d0_0, v0x565331687390_0, v0x565331687760_0 {0 0 0};
    %delay 7440, 0;
    %vpi_call/w 3 111 "$finish" {0 0 0};
    %end;
    .thread T_4;
# The file index is used to find the file name in the following table.
:file_names 5;
    "N/A";
    "<interactive>";
    "-";
    "testbench_hw7.sv";
    "up_down_counter.sv";
