#! /usr/bin/vvp
:ivl_version "13.0 (stable)" "(v13_0-dirty)";
:ivl_delay_selection "TYPICAL";
:vpi_time_precision + 0;
:vpi_module "/usr/lib/ivl/system.vpi";
:vpi_module "/usr/lib/ivl/vhdl_sys.vpi";
:vpi_module "/usr/lib/ivl/vhdl_textio.vpi";
:vpi_module "/usr/lib/ivl/v2005_math.vpi";
:vpi_module "/usr/lib/ivl/va_math.vpi";
:vpi_module "/usr/lib/ivl/v2009.vpi";
S_0x55986b2add60 .scope package, "$unit" "$unit" 2 1;
 .timescale 0 0;
S_0x55986b2adef0 .scope module, "lab6" "lab6" 3 1;
 .timescale 0 0;
v0x55986b2d6680_0 .var "clk", 0 0;
v0x55986b2d6760_0 .var "d_out", 7 0;
v0x55986b2d6840_0 .var "in", 2 0;
v0x55986b2d6900_0 .var "out", 2 0;
E_0x55986b2bf430 .event posedge, v0x55986b2d6680_0;
E_0x55986b282cb0 .event anyedge, v0x55986b2d6680_0, v0x55986b2d6840_0;
S_0x55986b282510 .scope function.vec4.s8, "decoder3to8" "decoder3to8" 3 3, 3 3 0, S_0x55986b2adef0;
 .timescale 0 0;
; Variable decoder3to8 is vec4 return value of scope S_0x55986b282510
v0x55986b2d60a0_0 .var "en_b", 0 0;
v0x55986b2d6160_0 .var "in", 2 0;
TD_lab6.decoder3to8 ;
    %load/vec4 v0x55986b2d60a0_0;
    %load/vec4 v0x55986b2d6160_0;
    %concat/vec4; draw_concat_vec4
    %dup/vec4;
    %pushi/vec4 15, 7, 4;
    %cmp/x;
    %jmp/1 T_0.0, 4;
    %dup/vec4;
    %pushi/vec4 0, 0, 4;
    %cmp/x;
    %jmp/1 T_0.1, 4;
    %dup/vec4;
    %pushi/vec4 1, 0, 4;
    %cmp/x;
    %jmp/1 T_0.2, 4;
    %dup/vec4;
    %pushi/vec4 2, 0, 4;
    %cmp/x;
    %jmp/1 T_0.3, 4;
    %dup/vec4;
    %pushi/vec4 3, 0, 4;
    %cmp/x;
    %jmp/1 T_0.4, 4;
    %dup/vec4;
    %pushi/vec4 4, 0, 4;
    %cmp/x;
    %jmp/1 T_0.5, 4;
    %dup/vec4;
    %pushi/vec4 5, 0, 4;
    %cmp/x;
    %jmp/1 T_0.6, 4;
    %dup/vec4;
    %pushi/vec4 6, 0, 4;
    %cmp/x;
    %jmp/1 T_0.7, 4;
    %dup/vec4;
    %pushi/vec4 7, 0, 4;
    %cmp/x;
    %jmp/1 T_0.8, 4;
    %pushi/vec4 255, 0, 8;
    %ret/vec4 0, 0, 8;  Assign to decoder3to8 (store_vec4_to_lval)
    %disable/flow S_0x55986b282510;
    %jmp T_0.10;
T_0.0 ;
    %pushi/vec4 255, 0, 8;
    %ret/vec4 0, 0, 8;  Assign to decoder3to8 (store_vec4_to_lval)
    %disable/flow S_0x55986b282510;
    %jmp T_0.10;
T_0.1 ;
    %pushi/vec4 254, 0, 8;
    %ret/vec4 0, 0, 8;  Assign to decoder3to8 (store_vec4_to_lval)
    %disable/flow S_0x55986b282510;
    %jmp T_0.10;
T_0.2 ;
    %pushi/vec4 253, 0, 8;
    %ret/vec4 0, 0, 8;  Assign to decoder3to8 (store_vec4_to_lval)
    %disable/flow S_0x55986b282510;
    %jmp T_0.10;
T_0.3 ;
    %pushi/vec4 251, 0, 8;
    %ret/vec4 0, 0, 8;  Assign to decoder3to8 (store_vec4_to_lval)
    %disable/flow S_0x55986b282510;
    %jmp T_0.10;
T_0.4 ;
    %pushi/vec4 247, 0, 8;
    %ret/vec4 0, 0, 8;  Assign to decoder3to8 (store_vec4_to_lval)
    %disable/flow S_0x55986b282510;
    %jmp T_0.10;
T_0.5 ;
    %pushi/vec4 239, 0, 8;
    %ret/vec4 0, 0, 8;  Assign to decoder3to8 (store_vec4_to_lval)
    %disable/flow S_0x55986b282510;
    %jmp T_0.10;
T_0.6 ;
    %pushi/vec4 223, 0, 8;
    %ret/vec4 0, 0, 8;  Assign to decoder3to8 (store_vec4_to_lval)
    %disable/flow S_0x55986b282510;
    %jmp T_0.10;
T_0.7 ;
    %pushi/vec4 191, 0, 8;
    %ret/vec4 0, 0, 8;  Assign to decoder3to8 (store_vec4_to_lval)
    %disable/flow S_0x55986b282510;
    %jmp T_0.10;
T_0.8 ;
    %pushi/vec4 127, 0, 8;
    %ret/vec4 0, 0, 8;  Assign to decoder3to8 (store_vec4_to_lval)
    %disable/flow S_0x55986b282510;
    %jmp T_0.10;
T_0.10 ;
    %pop/vec4 1;
    %end;
S_0x55986b2d6220 .scope function.vec4.s3, "encoder8to3" "encoder8to3" 3 20, 3 20 0, S_0x55986b2adef0;
 .timescale 0 0;
v0x55986b2d6420_0 .var "en_b", 0 0;
; Variable encoder8to3 is vec4 return value of scope S_0x55986b2d6220
v0x55986b2d65c0_0 .var "in_b", 7 0;
TD_lab6.encoder8to3 ;
    %load/vec4 v0x55986b2d6420_0;
    %load/vec4 v0x55986b2d65c0_0;
    %concat/vec4; draw_concat_vec4
    %dup/vec4;
    %pushi/vec4 511, 255, 9;
    %cmp/x;
    %jmp/1 T_1.11, 4;
    %dup/vec4;
    %pushi/vec4 127, 127, 9;
    %cmp/x;
    %jmp/1 T_1.12, 4;
    %dup/vec4;
    %pushi/vec4 191, 63, 9;
    %cmp/x;
    %jmp/1 T_1.13, 4;
    %dup/vec4;
    %pushi/vec4 223, 31, 9;
    %cmp/x;
    %jmp/1 T_1.14, 4;
    %dup/vec4;
    %pushi/vec4 239, 15, 9;
    %cmp/x;
    %jmp/1 T_1.15, 4;
    %dup/vec4;
    %pushi/vec4 247, 7, 9;
    %cmp/x;
    %jmp/1 T_1.16, 4;
    %dup/vec4;
    %pushi/vec4 251, 3, 9;
    %cmp/x;
    %jmp/1 T_1.17, 4;
    %dup/vec4;
    %pushi/vec4 253, 1, 9;
    %cmp/x;
    %jmp/1 T_1.18, 4;
    %dup/vec4;
    %pushi/vec4 254, 0, 9;
    %cmp/x;
    %jmp/1 T_1.19, 4;
    %pushi/vec4 0, 0, 3;
    %ret/vec4 0, 0, 3;  Assign to encoder8to3 (store_vec4_to_lval)
    %disable/flow S_0x55986b2d6220;
    %jmp T_1.21;
T_1.11 ;
    %pushi/vec4 7, 0, 3;
    %ret/vec4 0, 0, 3;  Assign to encoder8to3 (store_vec4_to_lval)
    %disable/flow S_0x55986b2d6220;
    %jmp T_1.21;
T_1.12 ;
    %pushi/vec4 7, 0, 3;
    %ret/vec4 0, 0, 3;  Assign to encoder8to3 (store_vec4_to_lval)
    %disable/flow S_0x55986b2d6220;
    %jmp T_1.21;
T_1.13 ;
    %pushi/vec4 6, 0, 3;
    %ret/vec4 0, 0, 3;  Assign to encoder8to3 (store_vec4_to_lval)
    %disable/flow S_0x55986b2d6220;
    %jmp T_1.21;
T_1.14 ;
    %pushi/vec4 5, 0, 3;
    %ret/vec4 0, 0, 3;  Assign to encoder8to3 (store_vec4_to_lval)
    %disable/flow S_0x55986b2d6220;
    %jmp T_1.21;
T_1.15 ;
    %pushi/vec4 4, 0, 3;
    %ret/vec4 0, 0, 3;  Assign to encoder8to3 (store_vec4_to_lval)
    %disable/flow S_0x55986b2d6220;
    %jmp T_1.21;
T_1.16 ;
    %pushi/vec4 3, 0, 3;
    %ret/vec4 0, 0, 3;  Assign to encoder8to3 (store_vec4_to_lval)
    %disable/flow S_0x55986b2d6220;
    %jmp T_1.21;
T_1.17 ;
    %pushi/vec4 2, 0, 3;
    %ret/vec4 0, 0, 3;  Assign to encoder8to3 (store_vec4_to_lval)
    %disable/flow S_0x55986b2d6220;
    %jmp T_1.21;
T_1.18 ;
    %pushi/vec4 1, 0, 3;
    %ret/vec4 0, 0, 3;  Assign to encoder8to3 (store_vec4_to_lval)
    %disable/flow S_0x55986b2d6220;
    %jmp T_1.21;
T_1.19 ;
    %pushi/vec4 0, 0, 3;
    %ret/vec4 0, 0, 3;  Assign to encoder8to3 (store_vec4_to_lval)
    %disable/flow S_0x55986b2d6220;
    %jmp T_1.21;
T_1.21 ;
    %pop/vec4 1;
    %end;
    .scope S_0x55986b2adef0;
T_2 ;
Ewait_0 .event/or E_0x55986b282cb0, E_0x0;
    %wait Ewait_0;
    %load/vec4 v0x55986b2d6680_0;
    %inv;
    %load/vec4 v0x55986b2d6840_0;
    %store/vec4 v0x55986b2d6160_0, 0, 3;
    %store/vec4 v0x55986b2d60a0_0, 0, 1;
    %callf/vec4 TD_lab6.decoder3to8, S_0x55986b282510;
    %store/vec4 v0x55986b2d6760_0, 0, 8;
    %load/vec4 v0x55986b2d6680_0;
    %inv;
    %load/vec4 v0x55986b2d6760_0;
    %store/vec4 v0x55986b2d65c0_0, 0, 8;
    %store/vec4 v0x55986b2d6420_0, 0, 1;
    %callf/vec4 TD_lab6.encoder8to3, S_0x55986b2d6220;
    %store/vec4 v0x55986b2d6900_0, 0, 3;
    %jmp T_2;
    .thread T_2, $push;
    .scope S_0x55986b2adef0;
T_3 ;
    %pushi/vec4 1, 0, 1;
    %store/vec4 v0x55986b2d6680_0, 0, 1;
    %pushi/vec4 7, 0, 3;
    %store/vec4 v0x55986b2d6840_0, 0, 3;
T_3.0 ;
    %delay 5, 0;
    %load/vec4 v0x55986b2d6680_0;
    %inv;
    %store/vec4 v0x55986b2d6680_0, 0, 1;
    %jmp T_3.0;
T_3.1 ;
    %end;
    .thread T_3;
    .scope S_0x55986b2adef0;
T_4 ;
    %wait E_0x55986b2bf430;
    ; show_stmt_assign_vector: Get l-value for compressed += operand
    %load/vec4 v0x55986b2d6840_0;
    %pushi/vec4 1, 0, 3;
    %add;
    %store/vec4 v0x55986b2d6840_0, 0, 3;
    %jmp T_4;
    .thread T_4;
    .scope S_0x55986b2adef0;
T_5 ;
    %vpi_call/w 3 56 "$dumpfile", "dump.vcd" {0 0 0};
    %vpi_call/w 3 57 "$dumpvars", 32'sb00000000000000000000000000000000, S_0x55986b2adef0 {0 0 0};
    %vpi_call/w 3 59 "$display", "CLOCK |  IN  |  Decoder OUT  |  Encoder OUT  " {0 0 0};
    %vpi_call/w 3 60 "$monitor", "   %1b  | %3b |   %8b    |      %3b      ", v0x55986b2d6680_0, v0x55986b2d6840_0, v0x55986b2d6760_0, v0x55986b2d6900_0 {0 0 0};
    %delay 82, 0;
    %vpi_call/w 3 62 "$finish" {0 0 0};
    %end;
    .thread T_5;
# The file index is used to find the file name in the following table.
:file_names 4;
    "N/A";
    "<interactive>";
    "-";
    "lab6.sv";
