#! /usr/bin/vvp
:ivl_version "12.0 (stable)" "(v12_0-dirty)";
:ivl_delay_selection "TYPICAL";
:vpi_time_precision - 11;
:vpi_module "/usr/lib/ivl/system.vpi";
:vpi_module "/usr/lib/ivl/vhdl_sys.vpi";
:vpi_module "/usr/lib/ivl/vhdl_textio.vpi";
:vpi_module "/usr/lib/ivl/v2005_math.vpi";
:vpi_module "/usr/lib/ivl/va_math.vpi";
:vpi_module "/usr/lib/ivl/v2009.vpi";
S_0x56088969f880 .scope package, "$unit" "$unit" 2 1;
 .timescale 0 0;
S_0x56088969fa10 .scope module, "testbench_lab5" "testbench_lab5" 3 3;
 .timescale -9 -11;
L_0x7fd9e3738018 .functor BUFT 1, C4<00000000000000000000000000000000>, C4<0>, C4<0>, C4<0>;
v0x5608896d89a0_0 .net/2s *"_ivl_0", 31 0, L_0x7fd9e3738018;  1 drivers
L_0x7fd9e3738060 .functor BUFT 1, C4<00000000000000000000000000000000>, C4<0>, C4<0>, C4<0>;
v0x5608896d8aa0_0 .net/2s *"_ivl_4", 31 0, L_0x7fd9e3738060;  1 drivers
v0x5608896d8b80_0 .var "a2", 1 0;
v0x5608896d8c20_0 .var "a8", 7 0;
v0x5608896d8cf0_0 .var "b2", 1 0;
v0x5608896d8d90_0 .var "b8", 7 0;
v0x5608896d8e60_0 .net "co2", 0 0, L_0x5608896da260;  1 drivers
v0x5608896d8f30_0 .net "co8", 0 0, L_0x5608896ed090;  1 drivers
v0x5608896d9000_0 .net "s2", 1 0, L_0x5608896da160;  1 drivers
v0x5608896d90d0_0 .net "s8", 7 0, L_0x5608896eca00;  1 drivers
L_0x5608896ea360 .part L_0x7fd9e3738018, 0, 1;
L_0x5608896ed180 .part L_0x7fd9e3738060, 0, 1;
S_0x5608896624c0 .scope module, "UUT2" "cla_adder" 3 13, 4 1 0, S_0x56088969fa10;
 .timescale 0 0;
    .port_info 0 /INPUT 2 "a";
    .port_info 1 /INPUT 2 "b";
    .port_info 2 /INPUT 1 "c_in";
    .port_info 3 /OUTPUT 2 "s";
    .port_info 4 /OUTPUT 1 "c_out";
P_0x5608896626a0 .param/l "N" 0 4 2, +C4<00000000000000000000000000000010>;
L_0x5608896d9e60 .functor XOR 2, v0x5608896d8b80_0, v0x5608896d8cf0_0, C4<00>, C4<00>;
L_0x5608896d9f70 .functor AND 2, v0x5608896d8b80_0, v0x5608896d8cf0_0, C4<11>, C4<11>;
L_0x5608896da160 .functor XOR 2, L_0x5608896d9e60, L_0x5608896d9fe0, C4<00>, C4<00>;
v0x5608896d2510_0 .net *"_ivl_18", 1 0, L_0x5608896d9fe0;  1 drivers
v0x5608896d2610_0 .net "a", 1 0, v0x5608896d8b80_0;  1 drivers
v0x5608896d26f0_0 .net "b", 1 0, v0x5608896d8cf0_0;  1 drivers
v0x5608896d27b0_0 .net "c", 2 0, L_0x5608896d9770;  1 drivers
v0x5608896d2890_0 .net "c_in", 0 0, L_0x5608896ea360;  1 drivers
v0x5608896d29a0_0 .net "c_out", 0 0, L_0x5608896da260;  alias, 1 drivers
v0x5608896d2a60_0 .net "g", 1 0, L_0x5608896d9f70;  1 drivers
v0x5608896d2b40_0 .net "p", 1 0, L_0x5608896d9e60;  1 drivers
v0x5608896d2c20_0 .net "s", 1 0, L_0x5608896da160;  alias, 1 drivers
L_0x5608896d9270 .part L_0x5608896d9f70, 0, 1;
L_0x5608896d9370 .part L_0x5608896d9e60, 0, 1;
L_0x5608896d9470 .part L_0x5608896d9770, 0, 1;
L_0x5608896d9770 .concat8 [ 1 1 1 0], L_0x5608896d91a0, L_0x5608896d9660, L_0x5608896d9d00;
L_0x5608896d9930 .part L_0x5608896d9f70, 1, 1;
L_0x5608896d9a20 .part L_0x5608896d9e60, 1, 1;
L_0x5608896d9b50 .part L_0x5608896d9770, 1, 1;
L_0x5608896d9fe0 .part L_0x5608896d9770, 0, 2;
L_0x5608896da260 .part L_0x5608896d9770, 2, 1;
S_0x560889662740 .scope generate, "genblk1[0]" "genblk1[0]" 4 17, 4 17 0, S_0x5608896624c0;
 .timescale 0 0;
P_0x5608896628d0 .param/l "i" 1 4 17, +C4<00>;
S_0x5608896b1d00 .scope generate, "genblk1" "genblk1" 4 18, 4 18 0, S_0x560889662740;
 .timescale 0 0;
L_0x5608896d91a0 .functor BUFZ 1, L_0x5608896ea360, C4<0>, C4<0>, C4<0>;
v0x5608896adee0_0 .net *"_ivl_1", 0 0, L_0x5608896d91a0;  1 drivers
S_0x5608896d1250 .scope generate, "genblk1[1]" "genblk1[1]" 4 17, 4 17 0, S_0x5608896624c0;
 .timescale 0 0;
P_0x5608896d1470 .param/l "i" 1 4 17, +C4<01>;
S_0x5608896d1530 .scope generate, "genblk1" "genblk1" 4 18, 4 18 0, S_0x5608896d1250;
 .timescale 0 0;
L_0x5608896d9570 .functor AND 1, L_0x5608896d9370, L_0x5608896d9470, C4<1>, C4<1>;
L_0x5608896d9660 .functor OR 1, L_0x5608896d9270, L_0x5608896d9570, C4<0>, C4<0>;
v0x5608896d1710_0 .net *"_ivl_0", 0 0, L_0x5608896d9270;  1 drivers
v0x5608896d1810_0 .net *"_ivl_1", 0 0, L_0x5608896d9370;  1 drivers
v0x5608896d18f0_0 .net *"_ivl_2", 0 0, L_0x5608896d9470;  1 drivers
v0x5608896d19b0_0 .net *"_ivl_3", 0 0, L_0x5608896d9570;  1 drivers
v0x5608896d1a90_0 .net *"_ivl_5", 0 0, L_0x5608896d9660;  1 drivers
S_0x5608896d1bc0 .scope generate, "genblk1[2]" "genblk1[2]" 4 17, 4 17 0, S_0x5608896624c0;
 .timescale 0 0;
P_0x5608896d1dc0 .param/l "i" 1 4 17, +C4<010>;
S_0x5608896d1e80 .scope generate, "genblk1" "genblk1" 4 18, 4 18 0, S_0x5608896d1bc0;
 .timescale 0 0;
L_0x5608896d9bf0 .functor AND 1, L_0x5608896d9a20, L_0x5608896d9b50, C4<1>, C4<1>;
L_0x5608896d9d00 .functor OR 1, L_0x5608896d9930, L_0x5608896d9bf0, C4<0>, C4<0>;
v0x5608896d2060_0 .net *"_ivl_0", 0 0, L_0x5608896d9930;  1 drivers
v0x5608896d2160_0 .net *"_ivl_1", 0 0, L_0x5608896d9a20;  1 drivers
v0x5608896d2240_0 .net *"_ivl_2", 0 0, L_0x5608896d9b50;  1 drivers
v0x5608896d2300_0 .net *"_ivl_3", 0 0, L_0x5608896d9bf0;  1 drivers
v0x5608896d23e0_0 .net *"_ivl_5", 0 0, L_0x5608896d9d00;  1 drivers
S_0x5608896d2da0 .scope module, "UUT8" "cla_adder" 3 23, 4 1 0, S_0x56088969fa10;
 .timescale 0 0;
    .port_info 0 /INPUT 8 "a";
    .port_info 1 /INPUT 8 "b";
    .port_info 2 /INPUT 1 "c_in";
    .port_info 3 /OUTPUT 8 "s";
    .port_info 4 /OUTPUT 1 "c_out";
P_0x5608896d2f50 .param/l "N" 0 4 2, +C4<00000000000000000000000000001000>;
L_0x5608896ecd40 .functor XOR 8, v0x5608896d8c20_0, v0x5608896d8d90_0, C4<00000000>, C4<00000000>;
L_0x5608896ece50 .functor AND 8, v0x5608896d8c20_0, v0x5608896d8d90_0, C4<11111111>, C4<11111111>;
L_0x5608896eca00 .functor XOR 8, L_0x5608896ecd40, L_0x5608896ecec0, C4<00000000>, C4<00000000>;
v0x5608896d8110_0 .net *"_ivl_48", 7 0, L_0x5608896ecec0;  1 drivers
v0x5608896d8210_0 .net "a", 7 0, v0x5608896d8c20_0;  1 drivers
v0x5608896d82f0_0 .net "b", 7 0, v0x5608896d8d90_0;  1 drivers
v0x5608896d83b0_0 .net "c", 8 0, L_0x5608896ec470;  1 drivers
v0x5608896d8490_0 .net "c_in", 0 0, L_0x5608896ed180;  1 drivers
v0x5608896d85a0_0 .net "c_out", 0 0, L_0x5608896ed090;  alias, 1 drivers
v0x5608896d8660_0 .net "g", 7 0, L_0x5608896ece50;  1 drivers
v0x5608896d8740_0 .net "p", 7 0, L_0x5608896ecd40;  1 drivers
v0x5608896d8820_0 .net "s", 7 0, L_0x5608896eca00;  alias, 1 drivers
L_0x5608896ea510 .part L_0x5608896ece50, 0, 1;
L_0x5608896ea5b0 .part L_0x5608896ecd40, 0, 1;
L_0x5608896ea650 .part L_0x5608896ec470, 0, 1;
L_0x5608896ea910 .part L_0x5608896ece50, 1, 1;
L_0x5608896eaa00 .part L_0x5608896ecd40, 1, 1;
L_0x5608896eaaf0 .part L_0x5608896ec470, 1, 1;
L_0x5608896eae00 .part L_0x5608896ece50, 2, 1;
L_0x5608896eaea0 .part L_0x5608896ecd40, 2, 1;
L_0x5608896eaf90 .part L_0x5608896ec470, 2, 1;
L_0x5608896eb250 .part L_0x5608896ece50, 3, 1;
L_0x5608896eb3e0 .part L_0x5608896ecd40, 3, 1;
L_0x5608896eb510 .part L_0x5608896ec470, 3, 1;
L_0x5608896eb790 .part L_0x5608896ece50, 4, 1;
L_0x5608896eb830 .part L_0x5608896ecd40, 4, 1;
L_0x5608896eb950 .part L_0x5608896ec470, 4, 1;
L_0x5608896ebba0 .part L_0x5608896ece50, 5, 1;
L_0x5608896ebcd0 .part L_0x5608896ecd40, 5, 1;
L_0x5608896ebd70 .part L_0x5608896ec470, 5, 1;
L_0x5608896ec060 .part L_0x5608896ece50, 6, 1;
L_0x5608896ec100 .part L_0x5608896ecd40, 6, 1;
L_0x5608896ebe10 .part L_0x5608896ec470, 6, 1;
LS_0x5608896ec470_0_0 .concat8 [ 1 1 1 1], L_0x5608896ea4a0, L_0x5608896ea800, L_0x5608896eacf0, L_0x5608896eb140;
LS_0x5608896ec470_0_4 .concat8 [ 1 1 1 1], L_0x5608896eb720, L_0x5608896eba90, L_0x5608896ebf50, L_0x5608896ec360;
LS_0x5608896ec470_0_8 .concat8 [ 1 0 0 0], L_0x5608896ecbe0;
L_0x5608896ec470 .concat8 [ 4 4 1 0], LS_0x5608896ec470_0_0, LS_0x5608896ec470_0_4, LS_0x5608896ec470_0_8;
L_0x5608896ec1a0 .part L_0x5608896ece50, 7, 1;
L_0x5608896ec850 .part L_0x5608896ecd40, 7, 1;
L_0x5608896ec790 .part L_0x5608896ec470, 7, 1;
L_0x5608896ecec0 .part L_0x5608896ec470, 0, 8;
L_0x5608896ed090 .part L_0x5608896ec470, 8, 1;
S_0x5608896d2ff0 .scope generate, "genblk1[0]" "genblk1[0]" 4 17, 4 17 0, S_0x5608896d2da0;
 .timescale 0 0;
P_0x5608896d31f0 .param/l "i" 1 4 17, +C4<00>;
S_0x5608896d32d0 .scope generate, "genblk1" "genblk1" 4 18, 4 18 0, S_0x5608896d2ff0;
 .timescale 0 0;
L_0x5608896ea4a0 .functor BUFZ 1, L_0x5608896ed180, C4<0>, C4<0>, C4<0>;
v0x5608896d34b0_0 .net *"_ivl_1", 0 0, L_0x5608896ea4a0;  1 drivers
S_0x5608896d35b0 .scope generate, "genblk1[1]" "genblk1[1]" 4 17, 4 17 0, S_0x5608896d2da0;
 .timescale 0 0;
P_0x5608896d37d0 .param/l "i" 1 4 17, +C4<01>;
S_0x5608896d3890 .scope generate, "genblk1" "genblk1" 4 18, 4 18 0, S_0x5608896d35b0;
 .timescale 0 0;
L_0x5608896ea6f0 .functor AND 1, L_0x5608896ea5b0, L_0x5608896ea650, C4<1>, C4<1>;
L_0x5608896ea800 .functor OR 1, L_0x5608896ea510, L_0x5608896ea6f0, C4<0>, C4<0>;
v0x5608896d3a70_0 .net *"_ivl_0", 0 0, L_0x5608896ea510;  1 drivers
v0x5608896d3b70_0 .net *"_ivl_1", 0 0, L_0x5608896ea5b0;  1 drivers
v0x5608896d3c50_0 .net *"_ivl_2", 0 0, L_0x5608896ea650;  1 drivers
v0x5608896d3d10_0 .net *"_ivl_3", 0 0, L_0x5608896ea6f0;  1 drivers
v0x5608896d3df0_0 .net *"_ivl_5", 0 0, L_0x5608896ea800;  1 drivers
S_0x5608896d3f20 .scope generate, "genblk1[2]" "genblk1[2]" 4 17, 4 17 0, S_0x5608896d2da0;
 .timescale 0 0;
P_0x5608896d4120 .param/l "i" 1 4 17, +C4<010>;
S_0x5608896d41e0 .scope generate, "genblk1" "genblk1" 4 18, 4 18 0, S_0x5608896d3f20;
 .timescale 0 0;
L_0x5608896eabe0 .functor AND 1, L_0x5608896eaa00, L_0x5608896eaaf0, C4<1>, C4<1>;
L_0x5608896eacf0 .functor OR 1, L_0x5608896ea910, L_0x5608896eabe0, C4<0>, C4<0>;
v0x5608896d43c0_0 .net *"_ivl_0", 0 0, L_0x5608896ea910;  1 drivers
v0x5608896d44c0_0 .net *"_ivl_1", 0 0, L_0x5608896eaa00;  1 drivers
v0x5608896d45a0_0 .net *"_ivl_2", 0 0, L_0x5608896eaaf0;  1 drivers
v0x5608896d4660_0 .net *"_ivl_3", 0 0, L_0x5608896eabe0;  1 drivers
v0x5608896d4740_0 .net *"_ivl_5", 0 0, L_0x5608896eacf0;  1 drivers
S_0x5608896d4870 .scope generate, "genblk1[3]" "genblk1[3]" 4 17, 4 17 0, S_0x5608896d2da0;
 .timescale 0 0;
P_0x5608896d4a70 .param/l "i" 1 4 17, +C4<011>;
S_0x5608896d4b50 .scope generate, "genblk1" "genblk1" 4 18, 4 18 0, S_0x5608896d4870;
 .timescale 0 0;
L_0x5608896eb030 .functor AND 1, L_0x5608896eaea0, L_0x5608896eaf90, C4<1>, C4<1>;
L_0x5608896eb140 .functor OR 1, L_0x5608896eae00, L_0x5608896eb030, C4<0>, C4<0>;
v0x5608896d4d30_0 .net *"_ivl_0", 0 0, L_0x5608896eae00;  1 drivers
v0x5608896d4e30_0 .net *"_ivl_1", 0 0, L_0x5608896eaea0;  1 drivers
v0x5608896d4f10_0 .net *"_ivl_2", 0 0, L_0x5608896eaf90;  1 drivers
v0x5608896d4fd0_0 .net *"_ivl_3", 0 0, L_0x5608896eb030;  1 drivers
v0x5608896d50b0_0 .net *"_ivl_5", 0 0, L_0x5608896eb140;  1 drivers
S_0x5608896d51e0 .scope generate, "genblk1[4]" "genblk1[4]" 4 17, 4 17 0, S_0x5608896d2da0;
 .timescale 0 0;
P_0x5608896d5430 .param/l "i" 1 4 17, +C4<0100>;
S_0x5608896d5510 .scope generate, "genblk1" "genblk1" 4 18, 4 18 0, S_0x5608896d51e0;
 .timescale 0 0;
L_0x5608896eb6b0 .functor AND 1, L_0x5608896eb3e0, L_0x5608896eb510, C4<1>, C4<1>;
L_0x5608896eb720 .functor OR 1, L_0x5608896eb250, L_0x5608896eb6b0, C4<0>, C4<0>;
v0x5608896d56f0_0 .net *"_ivl_0", 0 0, L_0x5608896eb250;  1 drivers
v0x5608896d57f0_0 .net *"_ivl_1", 0 0, L_0x5608896eb3e0;  1 drivers
v0x5608896d58d0_0 .net *"_ivl_2", 0 0, L_0x5608896eb510;  1 drivers
v0x5608896d5990_0 .net *"_ivl_3", 0 0, L_0x5608896eb6b0;  1 drivers
v0x5608896d5a70_0 .net *"_ivl_5", 0 0, L_0x5608896eb720;  1 drivers
S_0x5608896d5ba0 .scope generate, "genblk1[5]" "genblk1[5]" 4 17, 4 17 0, S_0x5608896d2da0;
 .timescale 0 0;
P_0x5608896d5da0 .param/l "i" 1 4 17, +C4<0101>;
S_0x5608896d5e80 .scope generate, "genblk1" "genblk1" 4 18, 4 18 0, S_0x5608896d5ba0;
 .timescale 0 0;
L_0x5608896eb640 .functor AND 1, L_0x5608896eb830, L_0x5608896eb950, C4<1>, C4<1>;
L_0x5608896eba90 .functor OR 1, L_0x5608896eb790, L_0x5608896eb640, C4<0>, C4<0>;
v0x5608896d6060_0 .net *"_ivl_0", 0 0, L_0x5608896eb790;  1 drivers
v0x5608896d6160_0 .net *"_ivl_1", 0 0, L_0x5608896eb830;  1 drivers
v0x5608896d6240_0 .net *"_ivl_2", 0 0, L_0x5608896eb950;  1 drivers
v0x5608896d6300_0 .net *"_ivl_3", 0 0, L_0x5608896eb640;  1 drivers
v0x5608896d63e0_0 .net *"_ivl_5", 0 0, L_0x5608896eba90;  1 drivers
S_0x5608896d6510 .scope generate, "genblk1[6]" "genblk1[6]" 4 17, 4 17 0, S_0x5608896d2da0;
 .timescale 0 0;
P_0x5608896d6710 .param/l "i" 1 4 17, +C4<0110>;
S_0x5608896d67f0 .scope generate, "genblk1" "genblk1" 4 18, 4 18 0, S_0x5608896d6510;
 .timescale 0 0;
L_0x5608896ebc40 .functor AND 1, L_0x5608896ebcd0, L_0x5608896ebd70, C4<1>, C4<1>;
L_0x5608896ebf50 .functor OR 1, L_0x5608896ebba0, L_0x5608896ebc40, C4<0>, C4<0>;
v0x5608896d69d0_0 .net *"_ivl_0", 0 0, L_0x5608896ebba0;  1 drivers
v0x5608896d6ad0_0 .net *"_ivl_1", 0 0, L_0x5608896ebcd0;  1 drivers
v0x5608896d6bb0_0 .net *"_ivl_2", 0 0, L_0x5608896ebd70;  1 drivers
v0x5608896d6c70_0 .net *"_ivl_3", 0 0, L_0x5608896ebc40;  1 drivers
v0x5608896d6d50_0 .net *"_ivl_5", 0 0, L_0x5608896ebf50;  1 drivers
S_0x5608896d6e80 .scope generate, "genblk1[7]" "genblk1[7]" 4 17, 4 17 0, S_0x5608896d2da0;
 .timescale 0 0;
P_0x5608896d7080 .param/l "i" 1 4 17, +C4<0111>;
S_0x5608896d7160 .scope generate, "genblk1" "genblk1" 4 18, 4 18 0, S_0x5608896d6e80;
 .timescale 0 0;
L_0x5608896ec250 .functor AND 1, L_0x5608896ec100, L_0x5608896ebe10, C4<1>, C4<1>;
L_0x5608896ec360 .functor OR 1, L_0x5608896ec060, L_0x5608896ec250, C4<0>, C4<0>;
v0x5608896d7340_0 .net *"_ivl_0", 0 0, L_0x5608896ec060;  1 drivers
v0x5608896d7440_0 .net *"_ivl_1", 0 0, L_0x5608896ec100;  1 drivers
v0x5608896d7520_0 .net *"_ivl_2", 0 0, L_0x5608896ebe10;  1 drivers
v0x5608896d75e0_0 .net *"_ivl_3", 0 0, L_0x5608896ec250;  1 drivers
v0x5608896d76c0_0 .net *"_ivl_5", 0 0, L_0x5608896ec360;  1 drivers
S_0x5608896d77f0 .scope generate, "genblk1[8]" "genblk1[8]" 4 17, 4 17 0, S_0x5608896d2da0;
 .timescale 0 0;
P_0x5608896d53e0 .param/l "i" 1 4 17, +C4<01000>;
S_0x5608896d7a80 .scope generate, "genblk1" "genblk1" 4 18, 4 18 0, S_0x5608896d77f0;
 .timescale 0 0;
L_0x5608896ecad0 .functor AND 1, L_0x5608896ec850, L_0x5608896ec790, C4<1>, C4<1>;
L_0x5608896ecbe0 .functor OR 1, L_0x5608896ec1a0, L_0x5608896ecad0, C4<0>, C4<0>;
v0x5608896d7c60_0 .net *"_ivl_0", 0 0, L_0x5608896ec1a0;  1 drivers
v0x5608896d7d60_0 .net *"_ivl_1", 0 0, L_0x5608896ec850;  1 drivers
v0x5608896d7e40_0 .net *"_ivl_2", 0 0, L_0x5608896ec790;  1 drivers
v0x5608896d7f00_0 .net *"_ivl_3", 0 0, L_0x5608896ecad0;  1 drivers
v0x5608896d7fe0_0 .net *"_ivl_5", 0 0, L_0x5608896ecbe0;  1 drivers
    .scope S_0x56088969fa10;
T_0 ;
    %pushi/vec4 0, 0, 2;
    %store/vec4 v0x5608896d8b80_0, 0, 2;
T_0.0 ;
    %delay 1000, 0;
    ; show_stmt_assign_vector: Get l-value for compressed += operand
    %load/vec4 v0x5608896d8b80_0;
    %pushi/vec4 1, 0, 2;
    %add;
    %store/vec4 v0x5608896d8b80_0, 0, 2;
    %jmp T_0.0;
    %end;
    .thread T_0;
    .scope S_0x56088969fa10;
T_1 ;
    %pushi/vec4 0, 0, 2;
    %store/vec4 v0x5608896d8cf0_0, 0, 2;
T_1.0 ;
    %delay 4000, 0;
    ; show_stmt_assign_vector: Get l-value for compressed += operand
    %load/vec4 v0x5608896d8cf0_0;
    %pushi/vec4 1, 0, 2;
    %add;
    %store/vec4 v0x5608896d8cf0_0, 0, 2;
    %jmp T_1.0;
    %end;
    .thread T_1;
    .scope S_0x56088969fa10;
T_2 ;
    %pushi/vec4 0, 0, 8;
    %store/vec4 v0x5608896d8c20_0, 0, 8;
T_2.0 ;
    %delay 1000, 0;
    ; show_stmt_assign_vector: Get l-value for compressed += operand
    %load/vec4 v0x5608896d8c20_0;
    %pushi/vec4 3, 0, 8;
    %add;
    %store/vec4 v0x5608896d8c20_0, 0, 8;
    %jmp T_2.0;
    %end;
    .thread T_2;
    .scope S_0x56088969fa10;
T_3 ;
    %pushi/vec4 0, 0, 8;
    %store/vec4 v0x5608896d8d90_0, 0, 8;
T_3.0 ;
    %delay 1000, 0;
    ; show_stmt_assign_vector: Get l-value for compressed += operand
    %load/vec4 v0x5608896d8d90_0;
    %pushi/vec4 5, 0, 8;
    %add;
    %store/vec4 v0x5608896d8d90_0, 0, 8;
    %jmp T_3.0;
    %end;
    .thread T_3;
    .scope S_0x56088969fa10;
T_4 ;
    %vpi_call/w 3 52 "$dumpfile", "dump.vcd" {0 0 0};
    %vpi_call/w 3 53 "$dumpvars", 32'sb00000000000000000000000000000000, S_0x56088969fa10 {0 0 0};
    %vpi_call/w 3 55 "$display", "TIME |   A2   B2 | S2   CO2 |    A8        B8    |      S8        CO8 | " {0 0 0};
    %vpi_call/w 3 56 "$monitor", " %3d | %4b %4b | %4b %3b | %8b %8b  | %8b  %8b |", $time, v0x5608896d8b80_0, v0x5608896d8cf0_0, v0x5608896d9000_0, v0x5608896d8e60_0, v0x5608896d8c20_0, v0x5608896d8d90_0, v0x5608896d90d0_0, v0x5608896d8f30_0 {0 0 0};
    %delay 33000, 0;
    %vpi_call/w 3 59 "$finish" {0 0 0};
    %end;
    .thread T_4;
# The file index is used to find the file name in the following table.
:file_names 5;
    "N/A";
    "<interactive>";
    "-";
    "testbench_homework5.sv";
    "cla_adder_homework5.sv";
